<?xml version="1.0" encoding="UTF-8"?>
<testng-results ignored="0" total="1" passed="1" failed="0" skipped="0">
  <reporter-output>
  </reporter-output>
  <suite started-at="2024-09-21T11:16:24 IST" name="SignIn Suite" finished-at="2024-09-21T11:16:39 IST" duration-ms="14919">
    <groups>
    </groups>
    <test started-at="2024-09-21T11:16:24 IST" name="SignIn Tests" finished-at="2024-09-21T11:16:39 IST" duration-ms="14919">
      <class name="test.testng_demo">
        <test-method is-config="true" signature="setuptest()[pri:0, instance:test.testng_demo@2cf3d63b]" started-at="2024-09-21T11:16:24 IST" name="setuptest" finished-at="2024-09-21T11:16:38 IST" duration-ms="13987" status="PASS">
          <reporter-output>
          </reporter-output>
        </test-method> <!-- setuptest -->
        <test-method signature="homepage1()[pri:0, instance:test.testng_demo@2cf3d63b]" started-at="2024-09-21T11:16:38 IST" name="homepage1" finished-at="2024-09-21T11:16:38 IST" duration-ms="90" status="PASS">
          <reporter-output>
          </reporter-output>
        </test-method> <!-- homepage1 -->
        <test-method is-config="true" signature="teardown()[pri:0, instance:test.testng_demo@2cf3d63b]" started-at="2024-09-21T11:16:38 IST" name="teardown" finished-at="2024-09-21T11:16:39 IST" duration-ms="782" status="PASS">
          <reporter-output>
          </reporter-output>
        </test-method> <!-- teardown -->
      </class> <!-- test.testng_demo -->
    </test> <!-- SignIn Tests -->
  </suite> <!-- SignIn Suite -->
</testng-results>
